<?xml version="1.0" encoding="UTF-8"?>
<testng-results ignored="0" total="2" passed="2" failed="0" skipped="0">
  <reporter-output>
  </reporter-output>
  <suite started-at="2025-02-04T16:25:31 IST" name="Suite" finished-at="2025-02-04T16:25:36 IST" duration-ms="4935">
    <groups>
    </groups>
    <test started-at="2025-02-04T16:25:31 IST" name="Test" finished-at="2025-02-04T16:25:36 IST" duration-ms="4935">
      <class name="testngclass.Basics1">
        <test-method signature="launchfb()[pri:0, instance:testngclass.Basics1@39529185]" started-at="2025-02-04T16:25:31 IST" name="launchfb" finished-at="2025-02-04T16:25:36 IST" duration-ms="4875" status="PASS">
          <reporter-output>
          </reporter-output>
        </test-method> <!-- launchfb -->
      </class> <!-- testngclass.Basics1 -->
      <class name="testngclass.Basic1_para">
        <test-method signature="launchingfbbrowser()[pri:0, instance:testngclass.Basic1_para@3911c2a7]" started-at="2025-02-04T16:25:31 IST" name="launchingfbbrowser" finished-at="2025-02-04T16:25:36 IST" duration-ms="4773" status="PASS">
          <reporter-output>
          </reporter-output>
        </test-method> <!-- launchingfbbrowser -->
      </class> <!-- testngclass.Basic1_para -->
    </test> <!-- Test -->
  </suite> <!-- Suite -->
</testng-results>
